Start search delta in with hamming weight 1
------------------------
Delta in: ( 0 , 1 )
Delta out: ( 400 , 100 )
p=2^{-38} wt=3

---》Lower Part: add 1000000 trails    Time:  5209.29s
total p=30.790743
------------------------
------------------------
Delta in: ( 0 , 1 )
Delta out: ( 401 , 100 )
p=2^{-38} wt=4
------------------------
------------------------
Delta in: ( 0 , 1 )
Delta out: ( 600 , 100 )
p=2^{-38} wt=4
------------------------
------------------------
Delta in: ( 0 , 1 )
Delta out: ( 601 , 100 )
p=2^{-38} wt=5
------------------------
Start search delta in with hamming weight 2
Processed: 5%    Time: 0.03s
Processed: 15%    Time: 0.03s
Processed: 55%    Time: 0.04s
Processed: 60%    Time: 0.04s
Processed: 65%    Time: 0.04s
Processed: 70%    Time: 0.04s
------------------------
Delta in: ( 4000 , 1 )
Delta out: ( 40 , 0 )
p=2^{-38} wt=3
------------------------
------------------------
Delta in: ( 4000 , 1 )
Delta out: ( 4004 , 1 )
p=2^{-37} wt=5
------------------------
------------------------
Delta in: ( 4000 , 1 )
Delta out: ( 4006 , 1 )
p=2^{-37} wt=6
------------------------
------------------------
Delta in: ( 4000 , 1 )
Delta out: ( 4104 , 1 )
p=2^{-37} wt=6
------------------------
------------------------
Delta in: ( 4000 , 1 )
Delta out: ( 4106 , 1 )
p=2^{-37} wt=7
------------------------
------------------------
Delta in: ( 4000 , 1 )
Delta out: ( 4004 , 1 )
p=2^{-37} wt=5
------------------------
------------------------
Delta in: ( 4000 , 1 )
Delta out: ( 4006 , 1 )
p=2^{-37} wt=6
------------------------
------------------------
Delta in: ( 4000 , 1 )
Delta out: ( 4104 , 1 )
p=2^{-37} wt=6
------------------------
------------------------
Delta in: ( 4000 , 1 )
Delta out: ( 4106 , 1 )
p=2^{-37} wt=7
------------------------
Start search delta in with hamming weight 3
Stop at ( 0 , 7 )
